  [1m[35m (1.6ms)[0m  [1m[34mSELECT sqlite_version(*)[0m
  ↳ test/generators/devise_install_generator_test.rb:3:in `require'
  [1m[35m (0.1ms)[0m  [1m[36mbegin transaction[0m
-------------------------------------------------------------------
DeviseInstallGeneratorTest: test_should_install_devise_successfully
-------------------------------------------------------------------
  [1m[35m (0.1ms)[0m  [1m[31mrollback transaction[0m
  [1m[35m (2.0ms)[0m  [1m[34mSELECT sqlite_version(*)[0m
  ↳ test/generators/devise_install_generator_test.rb:3:in `require'
  [1m[35m (0.1ms)[0m  [1m[36mbegin transaction[0m
-------------------------------------------------------------------
DeviseInstallGeneratorTest: test_should_install_devise_successfully
-------------------------------------------------------------------
  [1m[35m (0.1ms)[0m  [1m[31mrollback transaction[0m
  [1m[35m (1.5ms)[0m  [1m[34mSELECT sqlite_version(*)[0m
  ↳ test/generators/devise_install_generator_test.rb:3:in `require'
  [1m[35m (0.1ms)[0m  [1m[36mbegin transaction[0m
-------------------------------------------------------------------
DeviseInstallGeneratorTest: test_should_install_devise_successfully
-------------------------------------------------------------------
  [1m[35m (0.1ms)[0m  [1m[31mrollback transaction[0m
  [1m[35m (0.9ms)[0m  [1m[34mSELECT sqlite_version(*)[0m
  ↳ test/generators/devise_install_generator_test.rb:3:in `require'
  [1m[35m (0.0ms)[0m  [1m[36mbegin transaction[0m
---------------------------------------------------------
DeviseInstallGeneratorTest: test_should_skip_devise_model
---------------------------------------------------------
  [1m[35m (0.1ms)[0m  [1m[31mrollback transaction[0m
  [1m[35m (0.0ms)[0m  [1m[36mbegin transaction[0m
-------------------------------------------------------------------
DeviseInstallGeneratorTest: test_should_install_devise_successfully
-------------------------------------------------------------------
  [1m[35m (0.1ms)[0m  [1m[31mrollback transaction[0m
  [1m[35m (0.0ms)[0m  [1m[36mbegin transaction[0m
---------------------------------------------------------
DeviseInstallGeneratorTest: test_should_skip_devise_views
---------------------------------------------------------
  [1m[35m (0.1ms)[0m  [1m[31mrollback transaction[0m
  [1m[35m (1.3ms)[0m  [1m[34mSELECT sqlite_version(*)[0m
  ↳ test/generators/devise_install_generator_test.rb:3:in `require'
  [1m[35m (0.0ms)[0m  [1m[36mbegin transaction[0m
---------------------------------------------------------
DeviseInstallGeneratorTest: test_should_skip_devise_model
---------------------------------------------------------
  [1m[35m (0.1ms)[0m  [1m[31mrollback transaction[0m
  [1m[35m (0.0ms)[0m  [1m[36mbegin transaction[0m
-------------------------------------------------------------------
DeviseInstallGeneratorTest: test_should_install_devise_successfully
-------------------------------------------------------------------
  [1m[35m (0.1ms)[0m  [1m[31mrollback transaction[0m
  [1m[35m (0.0ms)[0m  [1m[36mbegin transaction[0m
---------------------------------------------------------
DeviseInstallGeneratorTest: test_should_skip_devise_views
---------------------------------------------------------
  [1m[35m (0.1ms)[0m  [1m[31mrollback transaction[0m
  [1m[35m (0.9ms)[0m  [1m[34mSELECT sqlite_version(*)[0m
  ↳ test/generators/devise_install_generator_test.rb:3:in `require'
  [1m[35m (0.1ms)[0m  [1m[36mbegin transaction[0m
-------------------------------------------------------------------
DeviseInstallGeneratorTest: test_should_install_devise_successfully
-------------------------------------------------------------------
  [1m[35m (0.1ms)[0m  [1m[31mrollback transaction[0m
  [1m[35m (0.0ms)[0m  [1m[36mbegin transaction[0m
---------------------------------------------------------
DeviseInstallGeneratorTest: test_should_skip_devise_views
---------------------------------------------------------
  [1m[35m (0.1ms)[0m  [1m[31mrollback transaction[0m
  [1m[35m (0.1ms)[0m  [1m[36mbegin transaction[0m
---------------------------------------------------------
DeviseInstallGeneratorTest: test_should_skip_devise_model
---------------------------------------------------------
  [1m[35m (0.1ms)[0m  [1m[31mrollback transaction[0m
